====== Getting web browser ready ======
1/175 Brows to https://www.lazada.com.my/sony-mhc-gt4d-high-power-home-audio-system-with-bluetooth-20703027.html?ff=1
Loading took too much time!
====== Getting web browser ready ======
2/175 Brows to https://www.lazada.com.my/edifier-luna-e235-thx-home-theatre-speaker-system-with-bluetooth-function-26673440.html?ff=1
=========== data scraped! ============
====== Getting web browser ready ======
3/175 Brows to https://www.lazada.com.my/samsung-1000-w-51ch-home-entertainment-system-j5150-31143766.html?ff=1
Loading took too much time!
====== Getting web browser ready ======
4/175 Brows to https://www.lazada.com.my/sony-mhc-v50d-high-power-home-audio-system-with-bluetooth-amp-karaoke-function-98719890.html?ff=1
=========== data scraped! ============
====== Getting web browser ready ======
5/175 Brows to https://www.lazada.com.my/bmb-da-x55-pro-c-mark-ii-amplifier-csn-455-speaker-karaoke-system-home-entertainment-audio-53737992.html?ff=1
Loading took too much time!
====== Getting web browser ready ======
6/175 Brows to https://www.lazada.com.my/pioneer-htp-074-51-channel-home-theatre-system-14250533.html?ff=1
=========== data scraped! ============
====== Getting web browser ready ======
7/175 Brows to https://www.lazada.com.my/edifier-s550-encore-cinema-surround-sound-system-20261573.html?ff=1
=========== data scraped! ============
====== Getting web browser ready ======
8/175 Brows to https://www.lazada.com.my/samsung-1000-w-51ch-blu-ray-home-entertainment-system-f6550-33209536.html?ff=1
Loading took too much time!
====== Getting web browser ready ======
9/175 Brows to https://www.lazada.com.my/samsung-1000-w-51ch-home-entertainment-system-j5150-18429194.html?ff=1
Loading took too much time!
====== Getting web browser ready ======
10/175 Brows to https://www.lazada.com.my/theater-solutions-ts514-51-surround-sound-home-entertainment-system-106805347.html?ff=1
=========== data scraped! ============
====== Getting web browser ready ======
11/175 Brows to https://www.lazada.com.my/pioneer-dvd-home-theater-system-2-toolboys-2-satellite-htz424dvd-81493498.html?ff=1
=========== data scraped! ============
====== Getting web browser ready ======
12/175 Brows to https://www.lazada.com.my/edifier-luna-e235-thx-home-theatre-speaker-system-11469800.html?ff=1
=========== data scraped! ============
====== Getting web browser ready ======
13/175 Brows to https://www.lazada.com.my/sony-bdve4100-blu-ray-htheater-system-51ch-1000h-29286318.html?ff=1
Loading took too much time!
====== Getting web browser ready ======
14/175 Brows to https://www.lazada.com.my/samsung-1000-w-51ch-blu-ray-home-entertainment-system-f6550-14158466.html?ff=1
Loading took too much time!
====== Getting web browser ready ======
15/175 Brows to https://www.lazada.com.my/samsung-1000-w-51ch-blu-ray-home-entertainment-system-f6550-13922782.html?ff=1
Loading took too much time!
====== Getting web browser ready ======
16/175 Brows to https://www.lazada.com.my/sonos-51-home-theater-system-with-play1-black-8894948.html?ff=1
=========== data scraped! ============
====== Getting web browser ready ======
17/175 Brows to https://www.lazada.com.my/theater-solutions-ts511-51-surround-sound-home-entertainment-system-109430536.html?ff=1
=========== data scraped! ============
====== Getting web browser ready ======
18/175 Brows to https://www.lazada.com.my/sony-dvd-home-theater-system-dav-tz140-33474519.html?ff=1
Loading took too much time!
====== Getting web browser ready ======
19/175 Brows to https://www.lazada.com.my/samsung-1330-w-71ch-home-entertainment-system-j7750-33209655.html?ff=1
Loading took too much time!
====== Getting web browser ready ======
20/175 Brows to https://www.lazada.com.my/sony-bdv-e3100-blu-ray-home-cinema-system-with-bluetooth-33474529.html?ff=1
Loading took too much time!
====== Getting web browser ready ======
21/175 Brows to https://www.lazada.com.my/samsung-1000-w-51ch-blu-ray-home-entertainment-system-f6550-16255330.html?ff=1
Loading took too much time!
====== Getting web browser ready ======
22/175 Brows to https://www.lazada.com.my/sony-bdv-e2100-bluray-hometheatre-system-4sat-746911.html?ff=1
=========== data scraped! ============
====== Getting web browser ready ======
23/175 Brows to https://www.lazada.com.my/samsung-1330-w-71ch-home-entertainment-system-j7750-14163534.html?ff=1
Loading took too much time!
====== Getting web browser ready ======
24/175 Brows to https://www.lazada.com.my/lg-dvd-home-theater-system-lhd427-black-colour-69138791.html?ff=1
=========== data scraped! ============
====== Getting web browser ready ======
25/175 Brows to https://www.lazada.com.my/edifier-s350db-high-quality-21-home-theater-speaker-system-with-bluetooth-aptx-technology-62228659.html?ff=1
=========== data scraped! ============
====== Getting web browser ready ======
26/175 Brows to https://www.lazada.com.my/teac-mc-d800-ch-all-in-one-turntable-speaker-system-with-bluetooth-32959208.html?ff=1
Loading took too much time!
====== Getting web browser ready ======
27/175 Brows to https://www.lazada.com.my/samsung-ht-j5150hk-1000w-51-channel-home-entertainment-system-11950187.html?ff=1
=========== data scraped! ============
====== Getting web browser ready ======
28/175 Brows to https://www.lazada.com.my/sony-bdv-e6100-51-3d-bluray-home-theatre-system-35559030.html?ff=1
Loading took too much time!
====== Getting web browser ready ======
29/175 Brows to https://www.lazada.com.my/samsung-1000-w-51ch-blu-ray-home-entertainment-system-f6550-31143786.html?ff=1
Loading took too much time!
====== Getting web browser ready ======
30/175 Brows to https://www.lazada.com.my/samsung-1330-w-71ch-home-entertainment-system-j7750-16256360.html?ff=1
=========== data scraped! ============
====== Getting web browser ready ======
31/175 Brows to https://www.lazada.com.my/samsung-1000-w-51ch-home-entertainment-system-j5150-32160323.html?ff=1
Loading took too much time!
====== Getting web browser ready ======
32/175 Brows to https://www.lazada.com.my/samsung-1330-w-71ch-home-entertainment-system-j7750-16722450.html?ff=1
Loading took too much time!
====== Getting web browser ready ======
33/175 Brows to https://www.lazada.com.my/pyle-portable-pa-speaker-karaoke-speaker-boombox-wireless-belt-packheadset-microphone-mic-sound-system-wireless-bluetooth-built-in-mic-talk-over-amp-recording-ability-mp3usbsdfm-radio-81682440.html?ff=1
=========== data scraped! ============
====== Getting web browser ready ======
34/175 Brows to https://www.lazada.com.my/sony-mhc-v11-high-power-home-audio-system-with-bluetoothtechnology-50654829.html?ff=1
=========== data scraped! ============
====== Getting web browser ready ======
35/175 Brows to https://www.lazada.com.my/polk-audio-rm705-51-home-theater-system-set-of-six-black-107160624.html?ff=1
=========== data scraped! ============
====== Getting web browser ready ======
36/175 Brows to https://www.lazada.com.my/sony-gtk-xb7-high-power-home-audio-system-with-bluetoothblack-12360627.html?ff=1
Loading took too much time!
====== Getting web browser ready ======
37/175 Brows to https://www.lazada.com.my/sony-bdv-e6100-51-3d-bluray-home-theatre-system-666104.html?ff=1
Loading took too much time!
====== Getting web browser ready ======
38/175 Brows to https://www.lazada.com.my/all-in-1-bluetooth-karaoke-singing-machine-system-powererful-speaker-2-channel-handheld-mini-microphone-dual-headsets-7color-night-light-mobile-phone-stand-usb-cable-and-audio-cable-95146096.html?ff=1
=========== data scraped! ============
====== Getting web browser ready ======
39/175 Brows to https://www.lazada.com.my/sony-bdve4100-blu-ray-htheater-system-51ch-1000h-12600341.html?ff=1
Loading took too much time!
====== Getting web browser ready ======
40/175 Brows to https://www.lazada.com.my/samsung-1330-w-71ch-home-entertainment-system-j7750-31143762.html?ff=1
Loading took too much time!
====== Getting web browser ready ======
41/175 Brows to https://www.lazada.com.my/pioneer-blu-ray-home-theater-system-51ch-msc636-63830586.html?ff=1
=========== data scraped! ============
====== Getting web browser ready ======
42/175 Brows to https://www.lazada.com.my/best-audio-ba-303-dvd-mini-combo-system-18435477.html?ff=1
Loading took too much time!
====== Getting web browser ready ======
43/175 Brows to https://www.lazada.com.my/bluetooth-receiver-hands-free-car-kits-35mm-stereo-bluetooth-audioreceiver-blue-for-music-streaming-homecar-audio-system-use-71398887.html?ff=1
=========== data scraped! ============
====== Getting web browser ready ======
44/175 Brows to https://www.lazada.com.my/edifier-s350db-high-quality-21-home-theathre-speaker-system-with-bluetooth-aptx-technology-26429806.html?ff=1
=========== data scraped! ============
====== Getting web browser ready ======
45/175 Brows to https://www.lazada.com.my/lg-cm5760-mini-hi-fi-audio-system-original-from-lg-malaysia-45066680.html?ff=1
=========== data scraped! ============
====== Getting web browser ready ======
46/175 Brows to https://www.lazada.com.my/philips-wireless-multiroom-music-system-bm60b10-24945803.html?ff=1
=========== data scraped! ============
====== Getting web browser ready ======
47/175 Brows to https://www.lazada.com.my/sony-51ch-dvd-home-theater-system-dav-dz650k-19760725.html?ff=1
Loading took too much time!
====== Getting web browser ready ======
48/175 Brows to https://www.lazada.com.my/kef-e305-51-channel-speaker-system-16641889.html?ff=1
=========== data scraped! ============
====== Getting web browser ready ======
49/175 Brows to https://www.lazada.com.my/samsung-ht-j5100k-blu-ray-1000-w-51ch-home-entertainment-system-22099553.html?ff=1
=========== data scraped! ============
====== Getting web browser ready ======
50/175 Brows to https://www.lazada.com.my/samsung-1000-w-51ch-blu-ray-home-entertainment-system-f6550-31017215.html?ff=1
Loading took too much time!
====== Getting web browser ready ======
51/175 Brows to https://www.lazada.com.my/samsung-1000-w-51ch-blu-ray-home-entertainment-system-f6550-14163539.html?ff=1
Loading took too much time!
====== Getting web browser ready ======
52/175 Brows to https://www.lazada.com.my/sony-ht-rt3-51ch-home-cinema-system-with-bluetooth-technologsoundbar-subwoofer-and-surround-speakers-55063244.html?ff=1
=========== data scraped! ============
====== Getting web browser ready ======
53/175 Brows to https://www.lazada.com.my/samsung-1000-w-51ch-blu-ray-home-entertainment-system-f6550-33209630.html?ff=1
Loading took too much time!
====== Getting web browser ready ======
54/175 Brows to https://www.lazada.com.my/karaoke-bravo-karaoke-wireless-rechargable-system-with-2-wireless-4000-english-songs-81682186.html?ff=1
=========== data scraped! ============
====== Getting web browser ready ======
55/175 Brows to https://www.lazada.com.my/sony-dav-dz650-dvd-home-theatre-system-27627591.html?ff=1
=========== data scraped! ============
====== Getting web browser ready ======
56/175 Brows to https://www.lazada.com.my/samsung-1000-w-51ch-home-entertainment-system-j5150-31138317.html?ff=1
Loading took too much time!
====== Getting web browser ready ======
57/175 Brows to  
Loading took too much time!
====== Getting web browser ready ======
58/175 Brows to https://www.lazada.com.my/jamo-s626hcs-home-theatre-speaker-system-19331480.html?ff=1
=========== data scraped! ============
====== Getting web browser ready ======
59/175 Brows to https://www.lazada.com.my/philips-cd-micro-music-system-btm1360-with-bluetooth-amp-usb-91503902.html?ff=1
=========== data scraped! ============
====== Getting web browser ready ======
60/175 Brows to https://www.lazada.com.my/sony-51ch-home-cinema-system-with-wi-fibluetooth-sny-htrt5-22029803.html?ff=1
Loading took too much time!
====== Getting web browser ready ======
61/175 Brows to https://www.lazada.com.my/bik-ba-66-bj-s886-karaoke-system-full-set-with-free-2setmicrophone-924734.html?ff=1
=========== data scraped! ============
====== Getting web browser ready ======
62/175 Brows to https://www.lazada.com.my/samsung-1000-w-51ch-home-entertainment-system-ht-j5100-31143758.html?ff=1
Loading took too much time!
====== Getting web browser ready ======
---------------------------------------------------------------------------
ConnectionResetError                      Traceback (most recent call last)
<ipython-input-35-276471e2011c> in <module>()
      6 #     browser = webdriver.Chrome('../input/chromedriver.exe')
      7     browser = webdriver.PhantomJS('../input/phantomjs.exe')
----> 8     browser.get(url)
      9     counter = str(count)+'/'+str(ttl_url)
     10     print(counter,'Brows to',url)

C:\ProgramData\Anaconda3\lib\site-packages\selenium\webdriver\remote\webdriver.py in get(self, url)
    307         Loads a web page in the current browser session.
    308         """
--> 309         self.execute(Command.GET, {'url': url})
    310 
    311     @property

C:\ProgramData\Anaconda3\lib\site-packages\selenium\webdriver\remote\webdriver.py in execute(self, driver_command, params)
    293 
    294         params = self._wrap_value(params)
--> 295         response = self.command_executor.execute(driver_command, params)
    296         if response:
    297             self.error_handler.check_response(response)

C:\ProgramData\Anaconda3\lib\site-packages\selenium\webdriver\remote\remote_connection.py in execute(self, command, params)
    462         path = string.Template(command_info[1]).substitute(params)
    463         url = '%s%s' % (self._url, path)
--> 464         return self._request(command_info[0], url, body=data)
    465 
    466     def _request(self, method, url, body=None):

C:\ProgramData\Anaconda3\lib\site-packages\selenium\webdriver\remote\remote_connection.py in _request(self, method, url, body)
    524                 opener = url_request.build_opener(url_request.HTTPRedirectHandler(),
    525                                                   HttpErrorHandler())
--> 526             resp = opener.open(request, timeout=self._timeout)
    527             statuscode = resp.code
    528             if not hasattr(resp, 'getheader'):

C:\ProgramData\Anaconda3\lib\urllib\request.py in open(self, fullurl, data, timeout)
    524             req = meth(req)
    525 
--> 526         response = self._open(req, data)
    527 
    528         # post-process response

C:\ProgramData\Anaconda3\lib\urllib\request.py in _open(self, req, data)
    542         protocol = req.type
    543         result = self._call_chain(self.handle_open, protocol, protocol +
--> 544                                   '_open', req)
    545         if result:
    546             return result

C:\ProgramData\Anaconda3\lib\urllib\request.py in _call_chain(self, chain, kind, meth_name, *args)
    502         for handler in handlers:
    503             func = getattr(handler, meth_name)
--> 504             result = func(*args)
    505             if result is not None:
    506                 return result

C:\ProgramData\Anaconda3\lib\urllib\request.py in http_open(self, req)
   1344 
   1345     def http_open(self, req):
-> 1346         return self.do_open(http.client.HTTPConnection, req)
   1347 
   1348     http_request = AbstractHTTPHandler.do_request_

C:\ProgramData\Anaconda3\lib\urllib\request.py in do_open(self, http_class, req, **http_conn_args)
   1319             except OSError as err: # timeout error
   1320                 raise URLError(err)
-> 1321             r = h.getresponse()
   1322         except:
   1323             h.close()

C:\ProgramData\Anaconda3\lib\http\client.py in getresponse(self)
   1329         try:
   1330             try:
-> 1331                 response.begin()
   1332             except ConnectionError:
   1333                 self.close()

C:\ProgramData\Anaconda3\lib\http\client.py in begin(self)
    295         # read until we get a non-100 response
    296         while True:
--> 297             version, status, reason = self._read_status()
    298             if status != CONTINUE:
    299                 break

C:\ProgramData\Anaconda3\lib\http\client.py in _read_status(self)
    256 
    257     def _read_status(self):
--> 258         line = str(self.fp.readline(_MAXLINE + 1), "iso-8859-1")
    259         if len(line) > _MAXLINE:
    260             raise LineTooLong("status line")

C:\ProgramData\Anaconda3\lib\socket.py in readinto(self, b)
    584         while True:
    585             try:
--> 586                 return self._sock.recv_into(b)
    587             except timeout:
    588                 self._timeout_occurred = True

ConnectionResetError: [WinError 10054] An existing connection was forcibly closed by the remote host