====== Getting web browser ready ======
1/178 Brows to https://www.lazada.com.my/sunweb-stonex-one-android-smart-phone-eu-standard-blueeublue-56734727.html?ff=1&sc=EwI=
=========== data scraped! ============
====== Getting web browser ready ======
2/178 Brows to https://www.lazada.com.my/oh-new-design-support-multi-language-android-spreadtrum-6820-smartphone-white-17615524.html?ff=1&sc=EwI=
=========== data scraped! ============
====== Getting web browser ready ======
3/178 Brows to https://www.lazada.com.my/qualcomm-snapdragon616-smart-phone-w-13mp5mp-cameras-ram-2gb-us-plug-10361312.html?ff=1&sc=EwI=
=========== data scraped! ============
====== Getting web browser ready ======
4/178 Brows to https://www.lazada.com.my/fashional-universal-360-rotation-smart-mobile-phone-finger-ringphone-holder-15528589.html?ff=1&sc=EwI=
=========== data scraped! ============
====== Getting web browser ready ======
5/178 Brows to https://www.lazada.com.my/allwin-original-unlocked-50-touch-screen-dual-sim-dual-standbysmart-phone-white-11793727.html?ff=1&sc=EwI=
=========== data scraped! ============
====== Getting web browser ready ======
6/178 Brows to https://www.lazada.com.my/xessorife-multifunctional-outdoor-sports-armband-casual-armpackage-bag-cell-phone-bag-key-holder-for-spice-mobile-smart-flo359-71559622.html?ff=1&sc=EwI=
=========== data scraped! ============
====== Getting web browser ready ======
7/178 Brows to https://www.lazada.com.my/thl-l969-4g-lte-5-unlocked-smartphone-mobile-phone-handset-android44-white-891177.html?ff=1&sc=EwI=
=========== data scraped! ============
====== Getting web browser ready ======
8/178 Brows to https://www.lazada.com.my/xessorife-sports-armband-sweatproof-running-armbag-gym-fitnesscell-phone-case-with-key-holder-for-spice-mobile-smart-flo-359-69269381.html?ff=1&sc=EwI=
=========== data scraped! ============
====== Getting web browser ready ======
9/178 Brows to https://www.lazada.com.my/lenovo-p90-7656728.html?ff=1&sc=EwI=
Loading took too much time!
====== Getting web browser ready ======
10/178 Brows to https://www.lazada.com.my/u9-47-1g8g-bluetooth-quad-core-android-dual-sim-smart-phone-euplugbluetooth-75759279.html?ff=1&sc=EwI=
=========== data scraped! ============
====== Getting web browser ready ======
11/178 Brows to https://www.lazada.com.my/import-samsung-n910-note-4-lte-32gb-black-841138.html?ff=1&sc=EwI=
=========== data scraped! ============
====== Getting web browser ready ======
12/178 Brows to https://www.lazada.com.my/new-lg-electronicslg-g6-smart-mobile-phone-smartphone-orginal-from-korea-22841168.html?ff=1&sc=EwI=
=========== data scraped! ============
====== Getting web browser ready ======
13/178 Brows to https://www.lazada.com.my/xiaomi-mi-mix-6434-4g-lte-6256gb-16mp5mp-dual-sim-smart-phone-black-97401403.html?ff=1&sc=EwI=
=========== data scraped! ============
====== Getting web browser ready ======
14/178 Brows to https://www.lazada.com.my/lenovo-vibe-p2-c72-android-60-smartphone-with-4gb-ram-64gb-rom-gray-64090776.html?ff=1&sc=EwI=
=========== data scraped! ============
====== Getting web browser ready ======
15/178 Brows to https://www.lazada.com.my/360-degree-finger-ring-mobile-phone-smartphone-stand-holder-foriphone-ipad-xiaomi-all-smart-phone-luxury-couple-models-21352288.html?ff=1&sc=EwI=
Loading took too much time!
====== Getting web browser ready ======
16/178 Brows to https://www.lazada.com.my/pre-order-samsung-galaxy-note-8-64gb-sm-n950-deep-sea-blue-63-unlocked-phone-smart-phone-88268380.html?ff=1&sc=EwI=
=========== data scraped! ============
====== Getting web browser ready ======
17/178 Brows to https://www.lazada.com.my/importlenovo-phablet-s930-dual-sim-smartphone-silver-714431.html?ff=1&sc=EwI=
=========== data scraped! ============
====== Getting web browser ready ======
18/178 Brows to https://www.lazada.com.my/samsung-galaxy-note-3-lte-n9005-57-32gb-rose-gold-white-703386.html?ff=1&sc=EwI=
=========== data scraped! ============
====== Getting web browser ready ======
19/178 Brows to https://www.lazada.com.my/outdoor-sports-running-jogging-cycling-gym-phone-armband-arm-bandcase-cover-holder-for-iphone-66s-plus-xiaomi-huawei-oppo-sonysmart-phone-55-53804530.html?ff=1&sc=EwI=
Loading took too much time!
====== Getting web browser ready ======
20/178 Brows to https://www.lazada.com.my/gretel-a9-front-fingerprint-50-inch-2gb-ram-16gb-rom-smart-phonefor-android-75569961.html?ff=1&sc=EwI=
=========== data scraped! ============
====== Getting web browser ready ======
21/178 Brows to https://www.lazada.com.my/zte-axon-7-mini-52-smartphone-32gb-us-plug-43272931.html?ff=1&sc=EwI=
=========== data scraped! ============
====== Getting web browser ready ======
22/178 Brows to https://www.lazada.com.my/samsung-galaxy-note-5-smart-phone-64gb-gold-3594978.html?ff=1&sc=EwI=
=========== data scraped! ============
====== Getting web browser ready ======
23/178 Brows to https://www.lazada.com.my/bluboo-maya-55inch-hd-3g-smartphone-android-60-2gb16gb80mp130mp-grey-29225793.html?ff=1&sc=EwI=
=========== data scraped! ============
====== Getting web browser ready ======
24/178 Brows to https://www.lazada.com.my/huawei-honor-6x-5534-4g-lte-464gb-120mp8mp-dual-sim-smart-phone-gold-62021589.html?ff=1&sc=EwI=
=========== data scraped! ============
====== Getting web browser ready ======
25/178 Brows to https://www.lazada.com.my/doogee-x7-3g-phablet-60-inch-android-60-smart-phone-mtk6580-quadcore-13ghz-1gb-ram-16gb-rom-bluetooth-40-dual-cameras-35979191.html?ff=1&sc=EwI=
=========== data scraped! ============
====== Getting web browser ready ======
26/178 Brows to https://www.lazada.com.my/xiaomi-redmi-note-4x-5534-4g-lte-464gb-13mp5mp-dual-sim-smart-phone-gold-97324720.html?ff=1&sc=EwI=
=========== data scraped! ============
====== Getting web browser ready ======
27/178 Brows to https://www.lazada.com.my/xessorife-sports-armband-sweatproof-running-armbag-gym-fitnesscell-phone-case-with-key-holder-for-spice-mobile-smart-flo-503-69269379.html?ff=1&sc=EwI=
=========== data scraped! ============
====== Getting web browser ready ======
28/178 Brows to https://www.lazada.com.my/oukitel-u20-plus-smart-phone-4g-phone-55inch-android-60-os-2gb16gb-grey-17592931.html?ff=1&sc=EwI=
Loading took too much time!
====== Getting web browser ready ======
29/178 Brows to https://www.lazada.com.my/xessorife-sports-armband-sweatproof-running-armbag-gym-fitnesscell-phone-case-with-key-holder-for-spice-mobile-smart-flo-359-69269382.html?ff=1&sc=EwI=
=========== data scraped! ============
====== Getting web browser ready ======
30/178 Brows to https://www.lazada.com.my/huawei-p10-plus-55-inch-smartphone-wqhd-screen-6gb64gb-kirin-960-octa-core-200mp-cam-android-70-rosegold-57303118.html?ff=1&sc=EwI=
=========== data scraped! ============
====== Getting web browser ready ======
31/178 Brows to https://www.lazada.com.my/xessorife-sports-armband-sweatproof-running-armbag-gym-fitnesscell-phone-case-with-key-holder-for-spice-mobile-smart-flo-503-69269375.html?ff=1&sc=EwI=
=========== data scraped! ============
====== Getting web browser ready ======
32/178 Brows to https://www.lazada.com.my/zte-axon-7-5534-smartphone-64gb-us-plug-43234987.html?ff=1&sc=EwI=
=========== data scraped! ============
====== Getting web browser ready ======
33/178 Brows to https://www.lazada.com.my/vivo-y51-white-4g-lte-50-inch-smart-phone-white-official-vivomalaysia-warranty-33473458.html?ff=1&sc=EwI=
=========== data scraped! ============
====== Getting web browser ready ======
34/178 Brows to https://www.lazada.com.my/allwin-v7-dual-card-dual-standby-mtk6572-dual-core-smart-phones-forandroid-442-black-17592481.html?ff=1&sc=EwI=
=========== data scraped! ============
====== Getting web browser ready ======
35/178 Brows to https://www.lazada.com.my/allwin-o6-mt6572-dual-core-12ghz-processor-5-inch-qhd-ips-lcd960540-smart-phone-white-17592568.html?ff=1&sc=EwI=
=========== data scraped! ============
====== Getting web browser ready ======
36/178 Brows to https://www.lazada.com.my/huawei-honor-9-4g-smartphone-6g64g-dual-sim-kirin-960-120mp-200mp-dual-rear-cameras-touch-sensor-grey-56090457.html?ff=1&sc=EwI=
=========== data scraped! ============
====== Getting web browser ready ======
37/178 Brows to https://www.lazada.com.my/panco-smart-phone-c10i-86296061.html?ff=1&sc=EwI=
=========== data scraped! ============
====== Getting web browser ready ======
38/178 Brows to https://www.lazada.com.my/xessorife-sports-armband-sweatproof-running-armbag-gym-fitnesscell-phone-case-with-key-holder-for-spice-mobile-smart-flo-358-69269340.html?ff=1&sc=EwI=
=========== data scraped! ============
====== Getting web browser ready ======
39/178 Brows to https://www.lazada.com.my/xessorife-multifunctional-outdoor-sports-armband-casual-armpackage-bag-cell-phone-bag-key-holder-for-spice-mobile-smart-flo358-71559630.html?ff=1&sc=EwI=
=========== data scraped! ============
====== Getting web browser ready ======
40/178 Brows to https://www.lazada.com.my/allwin-p9plus-android-51-lollipop-mtk6580a-quad-core-13ghz-60inch-smart-phone-rose-gold-17592578.html?ff=1&sc=EwI=
=========== data scraped! ============
====== Getting web browser ready ======
41/178 Brows to https://www.lazada.com.my/50-inch-phone-quad-core-android60-80mp50mp-camera-smart-phoneeu-plug-52675300.html?ff=1&sc=EwI=
=========== data scraped! ============
====== Getting web browser ready ======
42/178 Brows to https://www.lazada.com.my/50-inch-phone-20mp-camera-1080x1920-3800mah-1g8g-smart-phone-ukplug-52675231.html?ff=1&sc=EwI=
=========== data scraped! ============
====== Getting web browser ready ======
43/178 Brows to https://www.lazada.com.my/ssm-360-degree-finger-ring-mobile-phone-smartphone-stand-holder-foriphone-samsung-htc-sony-lg-xiaomi-phone-ring-all-smart-phone-silver-22566539.html?ff=1&sc=EwI=
=========== data scraped! ============
====== Getting web browser ready ======
44/178 Brows to https://www.lazada.com.my/sunweb-cloudfone-excite-2-android-smart-phone-us-standard-white-56734739.html?ff=1&sc=EwI=
=========== data scraped! ============
====== Getting web browser ready ======
45/178 Brows to https://www.lazada.com.my/vivo-x9-snapdragon625-dual-sim-4gb-ram-64gb-rom-smart-phone-55-inch-20mp-86638760.html?ff=1&sc=EwI=
=========== data scraped! ============
====== Getting web browser ready ======
46/178 Brows to https://www.lazada.com.my/xiaomi-mi6-51534-4g-lte-6128gb-12mp8mp-dual-sim-smart-phone-black-97323121.html?ff=1&sc=EwI=
=========== data scraped! ============
====== Getting web browser ready ======
47/178 Brows to https://www.lazada.com.my/original-ulefone-armor-waterproof-4g-lte-3g-ram-32g-rom-mtk6753-13ghz-octa-core-473939-hd-screen-android-60-ip68-smartphone-82717662.html?ff=1&sc=EwI=
=========== data scraped! ============
====== Getting web browser ready ======
48/178 Brows to https://www.lazada.com.my/huawei-p10-plus-55-inch-smartphone-wqhd-screen-6gb64gb-kirin-960-octa-core-200mp-cam-android-70-green-57303121.html?ff=1&sc=EwI=
=========== data scraped! ============
====== Getting web browser ready ======
49/178 Brows to https://www.lazada.com.my/xiaomi-mi-max-2-4gb-ram-64gb-rom-64434-full-hd-dual-sim-4g-lte-smart-phone-black-98162405.html?ff=1&sc=EwI=
=========== data scraped! ============
====== Getting web browser ready ======
50/178 Brows to https://www.lazada.com.my/twinklenorth-4g-lte-5-unlocked-smartphone-mobile-phone-android-44white-l200g-877636.html?ff=1&sc=EwI=
=========== data scraped! ============
====== Getting web browser ready ======
51/178 Brows to https://www.lazada.com.my/xessorife-multifunctional-outdoor-sports-armband-casual-armpackage-bag-cell-phone-bag-key-holder-for-lemon-mobiles-p1-smart-71559238.html?ff=1&sc=EwI=
=========== data scraped! ============
====== Getting web browser ready ======
52/178 Brows to https://www.lazada.com.my/inew-v3-plus-octa-core-ram-2gb-android-44-smart-phone-white-4600659.html?ff=1&sc=EwI=
=========== data scraped! ============
====== Getting web browser ready ======
53/178 Brows to https://www.lazada.com.my/vkworld-crown-v8-smart-phone-49mm-ultra-slim-pedometerbluetooth-fm-164-inch-dual-sim-network-2gwhite-15383862.html?ff=1&sc=EwI=
=========== data scraped! ============
====== Getting web browser ready ======
54/178 Brows to https://www.lazada.com.my/xessorife-sports-armband-sweatproof-running-armbag-gym-fitnesscell-phone-case-with-key-holder-for-lemon-mobiles-p1-smart-69268952.html?ff=1&sc=EwI=
=========== data scraped! ============
====== Getting web browser ready ======
55/178 Brows to https://www.lazada.com.my/oukitel-u20-plus-smart-phone-4g-phone-55inch-android-60-os-2gb-16gb-gold-17592928.html?ff=1&sc=EwI=
Loading took too much time!
====== Getting web browser ready ======
56/178 Brows to https://www.lazada.com.my/samsung-galaxy-note-3-lte-n9005-57-32gb-rose-gold-black-703302.html?ff=1&sc=EwI=
=========== data scraped! ============
====== Getting web browser ready ======
57/178 Brows to https://www.lazada.com.my/allwin-new-t2-50-touch-screen-qhd-540960-dual-sim-dual-standbysmart-phone-gold-17592726.html?ff=1&sc=EwI=
=========== data scraped! ============
====== Getting web browser ready ======
58/178 Brows to https://www.lazada.com.my/original-unlocked-50-touch-screen-dual-sim-dual-standby-smartphone-18808277.html?ff=1&sc=EwI=
=========== data scraped! ============
====== Getting web browser ready ======
59/178 Brows to https://www.lazada.com.my/lg-k10-f670-smart-phone-white-color-13ghz-ouad-core-5334-16gb-cellphone-42240135.html?ff=1&sc=EwI=
=========== data scraped! ============
====== Getting web browser ready ======
60/178 Brows to https://www.lazada.com.my/vivo-x9-snapdragon625-dual-sim-4gb-ram-64gb-rom-smart-phone-55-inch-20mp-86739176.html?ff=1&sc=EwI=
=========== data scraped! ============
====== Getting web browser ready ======
61/178 Brows to https://www.lazada.com.my/y10plus-6034-inch-phone-android51-bluetooth-1g8g-smart-phone-us-plug-52676201.html?ff=1&sc=EwI=
=========== data scraped! ============
====== Getting web browser ready ======
62/178 Brows to https://www.lazada.com.my/xiaomi-redmi-4a-2gb-ram-32gb-rom-534-hd-dual-sim-4g-lte-smart-phone-gold-98162161.html?ff=1&sc=EwI=
=========== data scraped! ============
====== Getting web browser ready ======
63/178 Brows to https://www.lazada.com.my/huawei-p8-52-4g-lte-3gb64gb-13mp8mp-dual-sim-smart-phone-gold-96579513.html?ff=1&sc=EwI=
=========== data scraped! ============
====== Getting web browser ready ======
64/178 Brows to https://www.lazada.com.my/50-inch-phone-80mp50mp-720x1280-2200mah-1g8g-smart-phone-euplug-52676249.html?ff=1&sc=EwI=
=========== data scraped! ============
====== Getting web browser ready ======
65/178 Brows to https://www.lazada.com.my/vivk-x7-smart-phone-2gb-ram-16gb-internal-103848844.html?ff=1&sc=EwI=
Loading took too much time!
====== Getting web browser ready ======
66/178 Brows to https://www.lazada.com.my/vkworld-crown-v8-smart-phone-49mm-ultra-slim-pedometerbluetooth-fm-164-inch-dual-sim-network-2gblack-15384308.html?ff=1&sc=EwI=
=========== data scraped! ============
====== Getting web browser ready ======
67/178 Brows to https://www.lazada.com.my/nokia-lumia-620-1300-mah-8gb-5mp-black-38-bar-windows-smart-phone1-box-set-58822578.html?ff=1&sc=EwI=
=========== data scraped! ============
====== Getting web browser ready ======
68/178 Brows to https://www.lazada.com.my/vivo-y55-smart-phone-22884646.html?ff=1&sc=EwI=
=========== data scraped! ============
====== Getting web browser ready ======
69/178 Brows to https://www.lazada.com.my/pre-order-samsung-galaxy-note-8-256gb-sm-n950-orchid-gray-63-unlocked-phone-smart-phone-86132527.html?ff=1&sc=EwI=
=========== data scraped! ============
====== Getting web browser ready ======
70/178 Brows to https://www.lazada.com.my/xiaomi-mi5-515-4g-lte-4gb128gb-16mp4mp-dual-sim-smart-phone-glass-white-97401259.html?ff=1&sc=EwI=
=========== data scraped! ============
====== Getting web browser ready ======
71/178 Brows to https://www.lazada.com.my/high-tech-u9-4734-1g8g-bluetooth-quad-core-android-dual-sim-smart-phone-eu-plugbluetooth-68862736.html?ff=1&sc=EwI=
=========== data scraped! ============
====== Getting web browser ready ======
72/178 Brows to https://www.lazada.com.my/allwin-original-unlocked-50-touch-screen-dual-sim-dual-standbysmart-phone-black-11794414.html?ff=1&sc=EwI=
=========== data scraped! ============
====== Getting web browser ready ======
73/178 Brows to https://www.lazada.com.my/xiaomi-redmi-note-4x-5534-4g-lte-464gb-13mp5mp-dual-sim-smart-phone-black-106132807.html?ff=1&sc=EwI=
=========== data scraped! ============
====== Getting web browser ready ======
74/178 Brows to https://www.lazada.com.my/xiaomi-mi5-smart-phone-64gb-network-4g-515-inch-miui-70snapdragon-820-quad-core-215ghz-ram-3gbwhite-13692474.html?ff=1&sc=EwI=
=========== data scraped! ============
====== Getting web browser ready ======
75/178 Brows to https://www.lazada.com.my/50-inch-phone-20mp-camera-1080x1920-3800mah-1g8g-smart-phone-usplug-52676217.html?ff=1&sc=EwI=
=========== data scraped! ============
====== Getting web browser ready ======
76/178 Brows to https://www.lazada.com.my/lg-k10-f670-smart-phone-black-color-13ghz-ouad-core-5334-16gb-cellphone-42240133.html?ff=1&sc=EwI=
=========== data scraped! ============
====== Getting web browser ready ======
77/178 Brows to https://www.lazada.com.my/lenovo-a396-40-inch-3g-android-23-smart-phone-sc7730-quad-core12ghz-rom-512mb-wcdma-and-gsm-black-2227402.html?ff=1&sc=EwI=
=========== data scraped! ============
====== Getting web browser ready ======
78/178 Brows to https://www.lazada.com.my/50-inch-phone-eight-core-android-51-20mp-1g8g-smart-phone-ukplug-52675236.html?ff=1&sc=EwI=
=========== data scraped! ============
====== Getting web browser ready ======
79/178 Brows to https://www.lazada.com.my/blackview-bv5000-smartphone-50-android-51-2gb-ram16gb-rom-euplug-14349188.html?ff=1&sc=EwI=
=========== data scraped! ============
====== Getting web browser ready ======
80/178 Brows to https://www.lazada.com.my/u9-47-ipch-1g8g-bluetooth-quad-core-android-dual-sim-gps-smartphone-70561692.html?ff=1&sc=EwI=
=========== data scraped! ============
====== Getting web browser ready ======
81/178 Brows to https://www.lazada.com.my/y10plus-phone-quad-core-android51-2sim-50mp-bluetooth-smart-phoneus-plug-52676317.html?ff=1&sc=EwI=
=========== data scraped! ============
====== Getting web browser ready ======
82/178 Brows to https://www.lazada.com.my/letv-leeco-le-s3-x626-smartphone-4g-lte-phone-55inch-android-604gb-ram-64gb-rom-78853359.html?ff=1&sc=EwI=
=========== data scraped! ============
====== Getting web browser ready ======
83/178 Brows to https://www.lazada.com.my/lg-v10-f600l-white-64gb-smart-mobile-phone-ram-4g-57-inch-smartphone-23960099.html?ff=1&sc=EwI=
=========== data scraped! ============
====== Getting web browser ready ======
84/178 Brows to https://www.lazada.com.my/vivk-r8s-smart-phone-91746122.html?ff=1&sc=EwI=
Loading took too much time!
====== Getting web browser ready ======
85/178 Brows to https://www.lazada.com.my/new-lg-electronicslg-g6-smart-mobile-phone-smartphone-orginal-from-korea-22841170.html?ff=1&sc=EwI=
=========== data scraped! ============
====== Getting web browser ready ======
86/178 Brows to https://www.lazada.com.my/import-lenovo-s820-4gb-white-714441.html?ff=1&sc=EwI=
=========== data scraped! ============
====== Getting web browser ready ======
87/178 Brows to https://www.lazada.com.my/vipro-pro-1-smart-phone-62396187.html?ff=1&sc=EwI=
Loading took too much time!
====== Getting web browser ready ======
88/178 Brows to https://www.lazada.com.my/50-inch-phone-eight-core-android-20mp-1080x1920-1g8g-smartphone-uk-plug-52676307.html?ff=1&sc=EwI=
=========== data scraped! ============
====== Getting web browser ready ======
89/178 Brows to https://www.lazada.com.my/the-worlds-first-smart-phone-with-flir-thermal-imaging-cats60wp-s60-18293028.html?ff=1&sc=EwI=
=========== data scraped! ============
====== Getting web browser ready ======
90/178 Brows to https://www.lazada.com.my/luxury-smart-front-window-view-leather-flip-case-for-sanxing-galaxya8-a800f-fundas-phone-cover-shell-mobile-accessoriescolorgreen-35362396.html?ff=1&sc=EwI=
=========== data scraped! ============
====== Getting web browser ready ======
91/178 Brows to https://www.lazada.com.my/xessorife-sports-armband-sweatproof-running-armbag-gym-fitnesscell-phone-case-with-key-holder-for-spice-mobile-smart-flo-359-69269377.html?ff=1&sc=EwI=
=========== data scraped! ============
====== Getting web browser ready ======
92/178 Brows to https://www.lazada.com.my/oneplus-3-a3003-grey-5534-64gb-4g-lte-unlocked-smartphone-69938249.html?ff=1&sc=EwI=
=========== data scraped! ============
====== Getting web browser ready ======
93/178 Brows to https://www.lazada.com.my/50-inch-phone-octa-core-160mp-camera-bluetooth41-android44smart-phone-75759294.html?ff=1&sc=EwI=
=========== data scraped! ============
====== Getting web browser ready ======
94/178 Brows to https://www.lazada.com.my/huawei-p10-vtr-al00-51-inch-fhd-4128g-kirin-960-octa-coreandroid-70-smart-phone-black-27597337.html?ff=1&sc=EwI=
=========== data scraped! ============
====== Getting web browser ready ======
95/178 Brows to https://www.lazada.com.my/universal-mobile-phone-armband-bag-under-5-inches-sports-runningjogging-gym-arm-band-case-cover-holder-for-smart-phone-61367449.html?ff=1&sc=EwI=
=========== data scraped! ============
====== Getting web browser ready ======
96/178 Brows to https://www.lazada.com.my/luxury-smart-front-window-view-leather-flip-case-for-samsung-galaxya8-a800f-fundas-phone-cover-shell-mobile-accessoriescolorblack-35362419.html?ff=1&sc=EwI=
=========== data scraped! ============
====== Getting web browser ready ======
97/178 Brows to https://www.lazada.com.my/vivk-x7-smart-phone-2gb-ram-16gb-internal-103848842.html?ff=1&sc=EwI=
Loading took too much time!
====== Getting web browser ready ======
98/178 Brows to https://www.lazada.com.my/original-homtom-ht20-pro-fingerprint-ip68-waterproof-smartphonemt6753-octa-core-android-60-3gb-ram-32gb-47-inch-otg-cellphone-84377476.html?ff=1&sc=EwI=
=========== data scraped! ============
====== Getting web browser ready ======
99/178 Brows to https://www.lazada.com.my/high-tech-u9-471g8g-bluetooth-quad-core-android-dual-sim-smartphone-pinkblue-68862821.html?ff=1&sc=EwI=
=========== data scraped! ============
====== Getting web browser ready ======
100/178 Brows to https://www.lazada.com.my/50-inch-phone-octa-core-160mp-camera-bluetooth41-android44smart-phone-75759281.html?ff=1&sc=EwI=
=========== data scraped! ============
====== Getting web browser ready ======
101/178 Brows to https://www.lazada.com.my/vernee-mars-5534-smartphone-32gb-eu-plug-41730208.html?ff=1&sc=EwI=
=========== data scraped! ============
====== Getting web browser ready ======
102/178 Brows to https://www.lazada.com.my/allwin-v7-dual-card-dual-standby-mtk6572-dual-core-smart-phones-forandroid-442-gold-17592487.html?ff=1&sc=EwI=
=========== data scraped! ============
====== Getting web browser ready ======
103/178 Brows to https://www.lazada.com.my/samsung-galaxy-c9-pro-c9000-dual-sim-6gb-ram-64gb-60-unlockedsmartphone-gold-58487967.html?ff=1&sc=EwI=
=========== data scraped! ============
====== Getting web browser ready ======
104/178 Brows to https://www.lazada.com.my/water-resistant-cell-phone-armband-adjustable-reflective-velcro-workout-band-key-holder-amp-screen-protector-for-iphone-66s-plus-samsung-galaxy-xiaomi-huawei-oppo-sony-smart-phone-55-inch-83976111.html?ff=1&sc=EwI=
=========== data scraped! ============
====== Getting web browser ready ======
105/178 Brows to https://www.lazada.com.my/xessorife-sports-armband-sweatproof-running-armbag-gym-fitnesscell-phone-case-with-key-holder-for-spice-mobile-smart-flo-358-69269348.html?ff=1&sc=EwI=
=========== data scraped! ============
====== Getting web browser ready ======
106/178 Brows to https://www.lazada.com.my/xessorife-multifunctional-outdoor-sports-armband-casual-armpackage-bag-cell-phone-bag-key-holder-for-spice-mobile-smart-flo359-71559634.html?ff=1&sc=EwI=
=========== data scraped! ============
====== Getting web browser ready ======
107/178 Brows to https://www.lazada.com.my/ustore-original-unlocked-50-touch-screen-dual-sim-dual-standbysmart-phone-black-18808295.html?ff=1&sc=EwI=
=========== data scraped! ============
====== Getting web browser ready ======
108/178 Brows to https://www.lazada.com.my/water-resistant-cell-phone-armband-adjustable-reflective-velcro-workout-band-key-holder-amp-screen-protector-for-iphone-7-6-6s-se-5-5c-5s-and-galaxy-s5-xiaomi-huawei-oppo-sony-smart-phone-below-5-inch-83976123.html?ff=1&sc=EwI=
=========== data scraped! ============
====== Getting web browser ready ======
109/178 Brows to https://www.lazada.com.my/blackview-r6-lite-smartphone-3g-wcdma-mtk6580a-quad-core-55-inchandroid-70-1gb-ram16gb-rom-90555500.html?ff=1&sc=EwI=
=========== data scraped! ============
====== Getting web browser ready ======
110/178 Brows to https://www.lazada.com.my/leagoo-shark-5000-3g-wcdma-smartphone-55inch-android-60-os-1gb-ram-8gb-rom-31271303.html?ff=1&sc=EwI=
=========== data scraped! ============
====== Getting web browser ready ======
111/178 Brows to https://www.lazada.com.my/blackview-bv7000-pro-fingerprint-smartphone-4gb-ram-64gb-rom-grey-28052672.html?ff=1&sc=EwI=
=========== data scraped! ============
====== Getting web browser ready ======
112/178 Brows to https://www.lazada.com.my/outdoor-sports-running-jogging-cycling-gym-phone-armband-arm-bandcase-cover-holder-for-iphone-66s-plus-xiaomi-huawei-oppo-sonysmart-phone-55-53804430.html?ff=1&sc=EwI=
Loading took too much time!
====== Getting web browser ready ======
113/178 Brows to https://www.lazada.com.my/xessorife-multifunctional-outdoor-sports-armband-casual-armpackage-bag-cell-phone-bag-key-holder-for-lemon-mobiles-p1-smart-71559236.html?ff=1&sc=EwI=
=========== data scraped! ============
====== Getting web browser ready ======
114/178 Brows to https://www.lazada.com.my/original-unlocked-50-touch-screen-dual-sim-dual-standby-smartphone-8794379.html?ff=1&sc=EwI=
=========== data scraped! ============
====== Getting web browser ready ======
115/178 Brows to https://www.lazada.com.my/pre-order-samsung-galaxy-note-8-64gb-sm-n950-deep-sea-blue-63-unlocked-phone-smart-phone-86096962.html?ff=1&sc=EwI=
=========== data scraped! ============
====== Getting web browser ready ======
116/178 Brows to https://www.lazada.com.my/doogee-shoot-2-5034-android-70-3g-smartphone-2gb-ram-16gb-rom-100071641.html?ff=1&sc=EwI=
=========== data scraped! ============
====== Getting web browser ready ======
117/178 Brows to https://www.lazada.com.my/itouch-v5-3g-smart-phone-champagne-gold-27555322.html?ff=1&sc=EwI=
Loading took too much time!
====== Getting web browser ready ======
118/178 Brows to https://www.lazada.com.my/nubia-z17-mini-523939-6gb-ram-64gb-rom-mobile-phone-snapdragon-652-octa-core-dual-130mp-smart-phone-black-59006988.html?ff=1&sc=EwI=
=========== data scraped! ============
====== Getting web browser ready ======
119/178 Brows to https://www.lazada.com.my/oukitel-k10000-55-mt6735-4g-smartphone-2gb-13mp-2gb-ram16gb-romblack-10791937.html?ff=1&sc=EwI=
Loading took too much time!
====== Getting web browser ready ======
120/178 Brows to https://www.lazada.com.my/mivo-mv470-dual-core-12ghz-4gb-5mp-45-inch-ips-android-51-smartphone-73039161.html?ff=1&sc=EwI=
=========== data scraped! ============
====== Getting web browser ready ======
121/178 Brows to https://www.lazada.com.my/xessorife-multifunctional-outdoor-sports-armband-casual-armpackage-bag-cell-phone-bag-key-holder-for-spice-mobile-smart-flo503-68870065.html?ff=1&sc=EwI=
=========== data scraped! ============
====== Getting web browser ready ======
122/178 Brows to https://www.lazada.com.my/samsung-galaxy-note-3-lte-n9005-57-32gb-black-695989.html?ff=1&sc=EwI=
=========== data scraped! ============
====== Getting web browser ready ======
123/178 Brows to https://www.lazada.com.my/47-quad-core-android-dual-sim-dual-camera-wifi-1g32g-mobilesmart-phone-white-75759317.html?ff=1&sc=EwI=
=========== data scraped! ============
====== Getting web browser ready ======
124/178 Brows to https://www.lazada.com.my/tomsoo-1pc-casual-men-touch-mobile-smart-phone-bag-card-holder-multi-function-creative-mini-wallets-95418952.html?ff=1&sc=EwI=
=========== data scraped! ============
====== Getting web browser ready ======
125/178 Brows to https://www.lazada.com.my/xiaomi-mi5s-515-4g-lte-4128gb-12mp4mp-dual-sim-smart-phone-rose-gold-96588814.html?ff=1&sc=EwI=
=========== data scraped! ============
====== Getting web browser ready ======
126/178 Brows to https://www.lazada.com.my/47-quad-core-android-dual-sim-dual-camera-wifi-1g32g-mobilesmart-phone-white-75759239.html?ff=1&sc=EwI=
=========== data scraped! ============
====== Getting web browser ready ======
127/178 Brows to https://www.lazada.com.my/sony-xperia-xa1-smart-phone-dual-sim-32gb-lte-5-inch-sonymsia-warranty-52505072.html?ff=1&sc=EwI=
=========== data scraped! ============
====== Getting web browser ready ======
128/178 Brows to https://www.lazada.com.my/ustore-new-design-support-multi-language-android-spreadtrum-6820smart-phone-white-18808329.html?ff=1&sc=EwI=
=========== data scraped! ============
====== Getting web browser ready ======
129/178 Brows to https://www.lazada.com.my/xiaomi-redmi-4a-2gb-ram-32gb-rom-534-hd-dual-sim-4g-lte-smart-phone-dark-grey-98162177.html?ff=1&sc=EwI=
=========== data scraped! ============
====== Getting web browser ready ======
130/178 Brows to https://www.lazada.com.my/letv-leeco-le-s3-x626-smartphone-4g-lte-phone-55inch-android-60-int-4gb-ram-32gb-rom-int-89797559.html?ff=1&sc=EwI=
=========== data scraped! ============
====== Getting web browser ready ======
131/178 Brows to https://www.lazada.com.my/blackview-bv7000-pro-fingerprint-smartphone-4gb-ram-64gb-rom-grey-28052773.html?ff=1&sc=EwI=
=========== data scraped! ============
====== Getting web browser ready ======
132/178 Brows to https://www.lazada.com.my/sony-xperia-xa1-smart-phone-dual-sim-32gb-lte-5-inch-sonymsia-warranty-52505057.html?ff=1&sc=EwI=
=========== data scraped! ============
====== Getting web browser ready ======
133/178 Brows to https://www.lazada.com.my/nubia-z17-mini-523939-6gb-ram-64gb-rom-mobile-phone-snapdragon-652-octa-core-dual-130mp-smart-phone-gold-59185441.html?ff=1&sc=EwI=
=========== data scraped! ============
====== Getting web browser ready ======
134/178 Brows to https://www.lazada.com.my/mobiles-tablets-phone-cases-universal-mobile-phone-armband-bagsports-running-jogging-gym-armband-arm-band-case-cover-holder-forsmart-phone-under-55-inches-black-78208325.html?ff=1&sc=EwI=
=========== data scraped! ============
====== Getting web browser ready ======
135/178 Brows to https://www.lazada.com.my/xessorife-multifunctional-outdoor-sports-armband-casual-armpackage-bag-cell-phone-bag-key-holder-for-spice-mobile-smart-flo359-71559573.html?ff=1&sc=EwI=
=========== data scraped! ============
====== Getting web browser ready ======
136/178 Brows to https://www.lazada.com.my/y10plus-phone-quad-core-android51-2sim-50mp-camera-smart-phone-usplug-52676313.html?ff=1&sc=EwI=
=========== data scraped! ============
====== Getting web browser ready ======
137/178 Brows to https://www.lazada.com.my/importlenovo-vibe-x-s960-16gb-silver-714434.html?ff=1&sc=EwI=
Loading took too much time!
====== Getting web browser ready ======
138/178 Brows to https://www.lazada.com.my/doogee-x5-max-pro-3g-smartphone-ips-hd-android-60-216gb-101252753.html?ff=1&sc=EwI=
=========== data scraped! ============
====== Getting web browser ready ======
139/178 Brows to https://www.lazada.com.my/xessorife-sports-armband-sweatproof-running-armbag-gym-fitnesscell-phone-case-with-key-holder-for-lemon-mobiles-p1-smart-69268954.html?ff=1&sc=EwI=
=========== data scraped! ============
====== Getting web browser ready ======
140/178 Brows to https://www.lazada.com.my/xiaomi-redmi-note-4x-5534-4g-lte-464gb-13mp5mp-dual-sim-smart-phone-blue-106132906.html?ff=1&sc=EwI=
=========== data scraped! ============
====== Getting web browser ready ======
141/178 Brows to https://www.lazada.com.my/awefit-2017-new-smart-phone-q7-with-20-m-camera-support-32gb-tfcard-android-51-3g-wifi-bluetooth-also-a-watch-in-your-hand-smartwatch-57997523.html?ff=1&sc=EwI=
=========== data scraped! ============
====== Getting web browser ready ======
142/178 Brows to https://www.lazada.com.my/y10plus-phone-quad-core-android51-2sim-50mp-camera-1g8g-smartphone-us-plug-52676246.html?ff=1&sc=EwI=
=========== data scraped! ============
====== Getting web browser ready ======
143/178 Brows to https://www.lazada.com.my/oukitel-c5-professional-2gb-ram-16gb-rom-50-inch-3g-smart-phone-for-android-75569666.html?ff=1&sc=EwI=
=========== data scraped! ============
====== Getting web browser ready ======
144/178 Brows to https://www.lazada.com.my/lenovo-vibe-p1-55-inch-android-os-51-smart-phone-qualcommsnapdragon-615-msm8939-octa-core-15ghz-rom-16gb-ram-3gbsupport-gps-nfc-otg-gsm-amp-wcdma-amp-fdd-ltesilver-17272786.html?ff=1&sc=EwI=
=========== data scraped! ============
====== Getting web browser ready ======
145/178 Brows to https://www.lazada.com.my/vivo-x9-snapdragon625-dual-sim-4gb-ram-64gb-rom-smart-phone-55-inch-20mp-86638733.html?ff=1&sc=EwI=
=========== data scraped! ============
====== Getting web browser ready ======
146/178 Brows to https://www.lazada.com.my/blackview-bv7000-pro-fingerprint-smartphone-4gb-ram-64gb-rom-silver-28052919.html?ff=1&sc=EwI=
=========== data scraped! ============
====== Getting web browser ready ======
147/178 Brows to https://www.lazada.com.my/doogee-x7-3g-phablet-60-inch-android-60-smart-phone-mtk6580-quadcore-13ghz-1gb-ram-16gb-rom-bluetooth-40-dual-cameras-35979186.html?ff=1&sc=EwI=
=========== data scraped! ============
====== Getting web browser ready ======
148/178 Brows to https://www.lazada.com.my/sony-xperia-xa1-smart-phone-dual-sim-32gb-lte-5-inch-sonymsia-warranty-52505059.html?ff=1&sc=EwI=
=========== data scraped! ============
====== Getting web browser ready ======
149/178 Brows to https://www.lazada.com.my/xessorife-sports-armband-sweatproof-running-armbag-gym-fitnesscell-phone-case-with-key-holder-for-spice-mobile-smart-flo-503-69269393.html?ff=1&sc=EwI=
=========== data scraped! ============
====== Getting web browser ready ======
150/178 Brows to https://www.lazada.com.my/xessorife-sports-armband-sweatproof-running-armbag-gym-fitnesscell-phone-case-with-key-holder-for-spice-mobile-smart-flo-358-69269347.html?ff=1&sc=EwI=
=========== data scraped! ============
====== Getting web browser ready ======
151/178 Brows to https://www.lazada.com.my/xessorife-multifunctional-outdoor-sports-armband-casual-armpackage-bag-cell-phone-bag-key-holder-for-lemon-mobiles-p1-smart-71559319.html?ff=1&sc=EwI=
=========== data scraped! ============
====== Getting web browser ready ======
152/178 Brows to https://www.lazada.com.my/huawei-honor-8-lite-pra-al00x-5234-smartphone-32gb-us-plug-54375703.html?ff=1&sc=EwI=
=========== data scraped! ============
====== Getting web browser ready ======
153/178 Brows to https://www.lazada.com.my/import-apple-iphone-6-plus-space-grey-16gb-with-3-pin-adapterand-local-supplier-warranty-1919605.html?ff=1&sc=EwI=
=========== data scraped! ============
====== Getting web browser ready ======
154/178 Brows to https://www.lazada.com.my/outdoor-sports-running-jogging-cycling-gym-phone-armband-arm-bandcase-cover-holder-for-iphone-66s-plus-xiaomi-huawei-oppo-sonysmart-phone-55-53804414.html?ff=1&sc=EwI=
Loading took too much time!
====== Getting web browser ready ======
155/178 Brows to https://www.lazada.com.my/u9-471g8g-bluetooth-quad-core-android-dual-sim-smart-phonepinkblue-75759178.html?ff=1&sc=EwI=
=========== data scraped! ============
====== Getting web browser ready ======
156/178 Brows to https://www.lazada.com.my/oukitel-u20-plus-smart-phone-4g-phone-55inch-android-60-os-2gb16gb-black-90555038.html?ff=1&sc=EwI=
=========== data scraped! ============
====== Getting web browser ready ======
157/178 Brows to https://www.lazada.com.my/awefit-2017-new-smart-phone-q7-with-20-m-camera-support-32gb-tfcard-android-51-3g-wifi-bluetooth-also-a-watch-in-your-hand-smartwatch-57997435.html?ff=1&sc=EwI=
=========== data scraped! ============
====== Getting web browser ready ======
158/178 Brows to https://www.lazada.com.my/universal-mobile-phone-armband-bag-sports-running-jogging-gym-armband-arm-band-case-cover-holder-for-smart-phone-under-55-inches-black-17943343.html?ff=1&sc=EwI=
=========== data scraped! ============
====== Getting web browser ready ======
159/178 Brows to https://www.lazada.com.my/xessorife-multifunctional-outdoor-sports-armband-casual-armpackage-bag-cell-phone-bag-key-holder-for-spice-mobile-smart-flo358-71559652.html?ff=1&sc=EwI=
=========== data scraped! ============
====== Getting web browser ready ======
160/178 Brows to https://www.lazada.com.my/xessorife-multifunctional-outdoor-sports-armband-casual-armpackage-bag-cell-phone-bag-key-holder-for-spice-mobile-smart-flo503-68870250.html?ff=1&sc=EwI=
=========== data scraped! ============
====== Getting web browser ready ======
161/178 Brows to https://www.lazada.com.my/thl-t6c-50-unlocked-smartphone-quad-core-dual-sim-card-dualstandby-white-11794412.html?ff=1&sc=EwI=
=========== data scraped! ============
====== Getting web browser ready ======
162/178 Brows to https://www.lazada.com.my/panco-smart-phone-c10i-86332226.html?ff=1&sc=EwI=
=========== data scraped! ============
====== Getting web browser ready ======
163/178 Brows to https://www.lazada.com.my/letv-leeco-le-s3-x626-smartphone-4g-lte-phone-55inch-android-60-4gb-ram-32gb-rom-73346570.html?ff=1&sc=EwI=
=========== data scraped! ============
====== Getting web browser ready ======
164/178 Brows to https://www.lazada.com.my/xessorife-multifunctional-outdoor-sports-armband-casual-armpackage-bag-cell-phone-bag-key-holder-for-spice-mobile-smart-flo503-71576010.html?ff=1&sc=EwI=
=========== data scraped! ============
====== Getting web browser ready ======
165/178 Brows to https://www.lazada.com.my/inew-v3-plus-octa-core-ram-2gb-android-44-smart-phone-black-6615742.html?ff=1&sc=EwI=
=========== data scraped! ============
====== Getting web browser ready ======
166/178 Brows to https://www.lazada.com.my/letv-leeco-le-s3-x626-smartphone-4g-lte-phone-55inch-android-60-4gb-ram-32gb-rom-90555520.html?ff=1&sc=EwI=
=========== data scraped! ============
====== Getting web browser ready ======
167/178 Brows to https://www.lazada.com.my/blackview-bv6000s-4g-smartphone-2gb16gb-ip68-waterproof-android60-os-wifi-nfc-compass-gpsglonas-location-yellow-13121074.html?ff=1&sc=EwI=
=========== data scraped! ============
====== Getting web browser ready ======
168/178 Brows to https://www.lazada.com.my/pre-order-samsung-galaxy-note-8-256gb-sm-n950-deep-sea-blue-63-unlocked-phone-smart-phone-86109388.html?ff=1&sc=EwI=
=========== data scraped! ============
====== Getting web browser ready ======
169/178 Brows to https://www.lazada.com.my/elephone-a1-3g-wcdma-smart-phone-50inch-android-60-1gb-ram-8gb-rom-52313778.html?ff=1&sc=EwI=
=========== data scraped! ============
====== Getting web browser ready ======
170/178 Brows to https://www.lazada.com.my/xessorife-sports-armband-sweatproof-running-armbag-gym-fitnesscell-phone-case-with-key-holder-for-spice-mobile-smart-flo-359-69269385.html?ff=1&sc=EwI=
=========== data scraped! ============
====== Getting web browser ready ======
171/178 Brows to https://www.lazada.com.my/vkworld-crown-v8-smart-phone-49mm-ultra-slim-pedometerbluetooth-fm-164-inch-dual-sim-network-2ggold-15384367.html?ff=1&sc=EwI=
=========== data scraped! ============
====== Getting web browser ready ======
172/178 Brows to https://www.lazada.com.my/elephone-a1-3g-wcdma-smart-phone-50inch-android-60-1gb-ram-8gbrom-51385884.html?ff=1&sc=EwI=
=========== data scraped! ============
====== Getting web browser ready ======
173/178 Brows to https://www.lazada.com.my/bluboo-maya-55-inch-hd-3g-smartphone-android-60-2gb16gb80mp130mp-gold-29225792.html?ff=1&sc=EwI=
=========== data scraped! ============
====== Getting web browser ready ======
174/178 Brows to https://www.lazada.com.my/pre-order-samsung-galaxy-note-8-256gb-sm-n950-midnightblack-63-unlocked-phone-smart-phone-86114898.html?ff=1&sc=EwI=
=========== data scraped! ============
====== Getting web browser ready ======
175/178 Brows to https://www.lazada.com.my/thl-l969-4g-lte-5-unlocked-smartphone-mobile-phone-handset-android44-8gb-black-894004.html?ff=1&sc=EwI=
=========== data scraped! ============
====== Getting web browser ready ======
176/178 Brows to https://www.lazada.com.my/xiaomi-mi-a1-4gb-ram-64gb-rom-5534-full-hd-dual-sim-4g-lte-smart-phone-gold-98162112.html?ff=1&sc=EwI=
=========== data scraped! ============
====== Getting web browser ready ======
177/178 Brows to https://www.lazada.com.my/xessorife-multifunctional-outdoor-sports-armband-casual-armpackage-bag-cell-phone-bag-key-holder-for-spice-mobile-smart-flo358-71559590.html?ff=1&sc=EwI=
=========== data scraped! ============
====== Getting web browser ready ======
178/178 Brows to https://www.lazada.com.my/huawei-p10-plus-vky-al00-55-inch-664g-octa-core-android-70smart-phone-blue-38721647.html?ff=1&sc=EwI=
=========== data scraped! ============